<?xml version="1.0" encoding="UTF-8"?>
<coverage generated="1615407128503" clover="3.2.0">
  <project timestamp="1615407128504" name="All files">
    <metrics statements="12" coveredstatements="12" conditionals="0" coveredconditionals="0" methods="10" coveredmethods="10" elements="22" coveredelements="22" complexity="0" loc="12" ncloc="12" packages="1" files="1" classes="1"/>
    <file name="package-helpers.ts" path="/Users/vknabel/dev/vscode-swift-development-environment/src/sourcekites-server/packages/package-helpers.ts">
      <metrics statements="12" coveredstatements="12" conditionals="0" coveredconditionals="0" methods="10" coveredmethods="10"/>
      <line num="2" count="1" type="stmt"/>
      <line num="4" count="1" type="stmt"/>
      <line num="5" count="1" type="stmt"/>
      <line num="6" count="3" type="stmt"/>
      <line num="14" count="1" type="stmt"/>
      <line num="15" count="8" type="stmt"/>
      <line num="16" count="7" type="stmt"/>
      <line num="18" count="8" type="stmt"/>
      <line num="21" count="7" type="stmt"/>
      <line num="26" count="3" type="stmt"/>
      <line num="28" count="2" type="stmt"/>
      <line num="32" count="3" type="stmt"/>
    </file>
  </project>
</coverage>
