{"/Users/vknabel/dev/vscode-swift-development-environment/src/sourcekites-server/packages/package-helpers.ts": {"path":"/Users/vknabel/dev/vscode-swift-development-environment/src/sourcekites-server/packages/package-helpers.ts","statementMap":{"0":{"start":{"line":2,"column":0},"end":{"line":2,"column":29}},"1":{"start":{"line":5,"column":2},"end":{"line":11,"column":4}},"2":{"start":{"line":6,"column":23},"end":{"line":9,"column":null}},"3":{"start":{"line":4,"column":0},"end":{"line":4,"column":16}},"4":{"start":{"line":15,"column":2},"end":{"line":22,"column":5}},"5":{"start":{"line":16,"column":37},"end":{"line":19,"column":null}},"6":{"start":{"line":18,"column":8},"end":{"line":19,"column":10}},"7":{"start":{"line":18,"column":42},"end":{"line":18,"column":93}},"8":{"start":{"line":21,"column":4},"end":{"line":21,"column":69}},"9":{"start":{"line":14,"column":0},"end":{"line":14,"column":16}},"10":{"start":{"line":26,"column":2},"end":{"line":28,"column":null}},"11":{"start":{"line":28,"column":48},"end":{"line":28,"column":81}},"12":{"start":{"line":32,"column":2},"end":{"line":32,"column":80}},"13":{"start":{"line":32,"column":59},"end":{"line":32,"column":77}}},"fnMap":{"0":{"name":"flatteningTargetsWithUniqueSources","decl":{"start":{"line":4,"column":16},"end":{"line":4,"column":50}},"loc":{"start":{"line":4,"column":73},"end":{"line":12,"column":1}}},"1":{"name":"(anonymous_1)","decl":{"start":{"line":6,"column":4},"end":{"line":6,"column":5}},"loc":{"start":{"line":6,"column":23},"end":{"line":9,"column":null}}},"2":{"name":"removingDuplicateSources","decl":{"start":{"line":14,"column":16},"end":{"line":14,"column":40}},"loc":{"start":{"line":14,"column":87},"end":{"line":23,"column":1}}},"3":{"name":"(anonymous_3)","decl":{"start":{"line":15,"column":25},"end":{"line":15,"column":26}},"loc":{"start":{"line":15,"column":36},"end":{"line":22,"column":3}}},"4":{"name":"(anonymous_4)","decl":{"start":{"line":17,"column":6},"end":{"line":17,"column":7}},"loc":{"start":{"line":18,"column":8},"end":{"line":19,"column":10}}},"5":{"name":"(anonymous_5)","decl":{"start":{"line":18,"column":32},"end":{"line":18,"column":33}},"loc":{"start":{"line":18,"column":42},"end":{"line":18,"column":93}}},"6":{"name":"normalizedTarget","decl":{"start":{"line":25,"column":9},"end":{"line":25,"column":25}},"loc":{"start":{"line":25,"column":40},"end":{"line":30,"column":1}}},"7":{"name":"(anonymous_7)","decl":{"start":{"line":28,"column":36},"end":{"line":28,"column":37}},"loc":{"start":{"line":28,"column":48},"end":{"line":28,"column":81}}},"8":{"name":"mapSet","decl":{"start":{"line":31,"column":9},"end":{"line":31,"column":15}},"loc":{"start":{"line":31,"column":63},"end":{"line":33,"column":1}}},"9":{"name":"(anonymous_9)","decl":{"start":{"line":32,"column":46},"end":{"line":32,"column":47}},"loc":{"start":{"line":32,"column":59},"end":{"line":32,"column":77}}}},"branchMap":{},"s":{"0":1,"1":1,"2":3,"3":1,"4":8,"5":7,"6":8,"7":8,"8":7,"9":1,"10":3,"11":2,"12":3,"13":2},"f":{"0":1,"1":3,"2":8,"3":7,"4":8,"5":8,"6":3,"7":2,"8":3,"9":2},"b":{}}
}
