TN:
SF:src/sourcekites-server/packages/package-helpers.ts
FN:4,flatteningTargetsWithUniqueSources
FN:6,(anonymous_1)
FN:14,removingDuplicateSources
FN:15,(anonymous_3)
FN:17,(anonymous_4)
FN:18,(anonymous_5)
FN:25,normalizedTarget
FN:28,(anonymous_7)
FN:31,mapSet
FN:32,(anonymous_9)
FNF:10
FNH:10
FNDA:1,flatteningTargetsWithUniqueSources
FNDA:3,(anonymous_1)
FNDA:8,removingDuplicateSources
FNDA:7,(anonymous_3)
FNDA:8,(anonymous_4)
FNDA:8,(anonymous_5)
FNDA:3,normalizedTarget
FNDA:2,(anonymous_7)
FNDA:3,mapSet
FNDA:2,(anonymous_9)
DA:2,1
DA:4,1
DA:5,1
DA:6,3
DA:14,1
DA:15,8
DA:16,7
DA:18,8
DA:21,7
DA:26,3
DA:28,2
DA:32,3
LF:12
LH:12
BRF:0
BRH:0
end_of_record
